INFO 09:39:19:310 wdm.WebDriverManager detectDriverVersionFromBrowser:615 Using chromedriver 114.0.5735.90 (since Google Chrome 114 is installed in your machine)
INFO 09:39:19:327 wdm.WebDriverManager exportDriver:1113 Exporting webdriver.chrome.driver as /Users/averkhovskaya/.m2/repository/webdriver/chromedriver/mac64/114.0.5735.90/chromedriver
INFO 09:42:03:264 wdm.WebDriverManager detectDriverVersionFromBrowser:615 Using chromedriver 114.0.5735.90 (since Google Chrome 114 is installed in your machine)
INFO 09:42:03:279 wdm.WebDriverManager exportDriver:1113 Exporting webdriver.chrome.driver as /Users/averkhovskaya/.m2/repository/webdriver/chromedriver/mac64/114.0.5735.90/chromedriver
INFO 09:42:43:122 wdm.WebDriverManager detectDriverVersionFromBrowser:615 Using chromedriver 114.0.5735.90 (since Google Chrome 114 is installed in your machine)
INFO 09:42:43:137 wdm.WebDriverManager exportDriver:1113 Exporting webdriver.chrome.driver as /Users/averkhovskaya/.m2/repository/webdriver/chromedriver/mac64/114.0.5735.90/chromedriver
INFO 14:08:49:452 wdm.WebDriverManager detectDriverVersionFromBrowser:615 Using chromedriver 114.0.5735.90 (since Google Chrome 114 is installed in your machine)
INFO 14:08:49:468 wdm.WebDriverManager getDriversFromXml:1077 Reading https://chromedriver.storage.googleapis.com/ to seek chromedriver
INFO 14:08:49:903 wdm.Downloader downloadAndExtract:128 Downloading https://chromedriver.storage.googleapis.com/114.0.5735.90/chromedriver_mac64.zip
INFO 14:08:50:114 wdm.Downloader extract:183 Extracting binary from compressed file chromedriver_mac64.zip
INFO 14:08:50:214 wdm.WebDriverManager exportDriver:1113 Exporting webdriver.chrome.driver as /Users/aliaksandralenski/.m2/repository/webdriver/chromedriver/mac64/114.0.5735.90/chromedriver
INFO 14:10:22:946 wdm.WebDriverManager detectDriverVersionFromBrowser:615 Using chromedriver 114.0.5735.90 (since Google Chrome 114 is installed in your machine)
INFO 14:10:22:962 wdm.WebDriverManager exportDriver:1113 Exporting webdriver.chrome.driver as /Users/aliaksandralenski/.m2/repository/webdriver/chromedriver/mac64/114.0.5735.90/chromedriver
INFO 14:15:40:977 wdm.WebDriverManager detectDriverVersionFromBrowser:615 Using chromedriver 114.0.5735.90 (since Google Chrome 114 is installed in your machine)
INFO 14:15:40:992 wdm.WebDriverManager exportDriver:1113 Exporting webdriver.chrome.driver as /Users/aliaksandralenski/.m2/repository/webdriver/chromedriver/mac64/114.0.5735.90/chromedriver
INFO 14:58:06:767 wdm.WebDriverManager detectDriverVersionFromBrowser:615 Using chromedriver 114.0.5735.90 (since Google Chrome 114 is installed in your machine)
INFO 14:58:06:780 wdm.WebDriverManager exportDriver:1113 Exporting webdriver.chrome.driver as /Users/aliaksandralenski/.m2/repository/webdriver/chromedriver/mac64/114.0.5735.90/chromedriver
INFO 15:04:19:881 wdm.WebDriverManager detectDriverVersionFromBrowser:615 Using chromedriver 114.0.5735.90 (since Google Chrome 114 is installed in your machine)
INFO 15:04:19:895 wdm.WebDriverManager exportDriver:1113 Exporting webdriver.chrome.driver as /Users/aliaksandralenski/.m2/repository/webdriver/chromedriver/mac64/114.0.5735.90/chromedriver
INFO 15:05:05:819 wdm.WebDriverManager detectDriverVersionFromBrowser:615 Using chromedriver 114.0.5735.90 (since Google Chrome 114 is installed in your machine)
INFO 15:05:05:834 wdm.WebDriverManager exportDriver:1113 Exporting webdriver.chrome.driver as /Users/aliaksandralenski/.m2/repository/webdriver/chromedriver/mac64/114.0.5735.90/chromedriver
INFO 15:14:04:835 wdm.WebDriverManager detectDriverVersionFromBrowser:615 Using chromedriver 114.0.5735.90 (since Google Chrome 114 is installed in your machine)
INFO 15:14:04:850 wdm.WebDriverManager exportDriver:1113 Exporting webdriver.chrome.driver as /Users/aliaksandralenski/.m2/repository/webdriver/chromedriver/mac64/114.0.5735.90/chromedriver
INFO 17:22:10:642 wdm.WebDriverManager detectDriverVersionFromBrowser:615 Using chromedriver 114.0.5735.90 (since Google Chrome 114 is installed in your machine)
INFO 17:22:10:654 wdm.WebDriverManager exportDriver:1113 Exporting webdriver.chrome.driver as /Users/aliaksandralenski/.m2/repository/webdriver/chromedriver/mac64/114.0.5735.90/chromedriver
INFO 17:22:39:341 wdm.WebDriverManager detectDriverVersionFromBrowser:615 Using chromedriver 114.0.5735.90 (since Google Chrome 114 is installed in your machine)
INFO 17:22:39:358 wdm.WebDriverManager exportDriver:1113 Exporting webdriver.chrome.driver as /Users/aliaksandralenski/.m2/repository/webdriver/chromedriver/mac64/114.0.5735.90/chromedriver
INFO 17:24:06:121 wdm.WebDriverManager detectDriverVersionFromBrowser:615 Using chromedriver 114.0.5735.90 (since Google Chrome 114 is installed in your machine)
INFO 17:24:06:134 wdm.WebDriverManager exportDriver:1113 Exporting webdriver.chrome.driver as /Users/aliaksandralenski/.m2/repository/webdriver/chromedriver/mac64/114.0.5735.90/chromedriver
INFO 20:06:05:052 wdm.WebDriverManager detectDriverVersionFromBrowser:615 Using chromedriver 114.0.5735.90 (since Google Chrome 114 is installed in your machine)
INFO 20:06:05:066 wdm.WebDriverManager exportDriver:1113 Exporting webdriver.chrome.driver as /Users/aliaksandralenski/.m2/repository/webdriver/chromedriver/mac64/114.0.5735.90/chromedriver
INFO 20:31:48:940 wdm.WebDriverManager detectDriverVersionFromBrowser:615 Using chromedriver 114.0.5735.90 (since Google Chrome 114 is installed in your machine)
INFO 20:31:48:957 wdm.WebDriverManager exportDriver:1113 Exporting webdriver.chrome.driver as /Users/aliaksandralenski/.m2/repository/webdriver/chromedriver/mac64/114.0.5735.90/chromedriver
INFO 20:35:00:895 wdm.WebDriverManager detectDriverVersionFromBrowser:615 Using chromedriver 114.0.5735.90 (since Google Chrome 114 is installed in your machine)
INFO 20:35:00:910 wdm.WebDriverManager exportDriver:1113 Exporting webdriver.chrome.driver as /Users/aliaksandralenski/.m2/repository/webdriver/chromedriver/mac64/114.0.5735.90/chromedriver
INFO 20:39:23:392 wdm.WebDriverManager detectDriverVersionFromBrowser:615 Using chromedriver 114.0.5735.90 (since Google Chrome 114 is installed in your machine)
INFO 20:39:23:406 wdm.WebDriverManager exportDriver:1113 Exporting webdriver.chrome.driver as /Users/aliaksandralenski/.m2/repository/webdriver/chromedriver/mac64/114.0.5735.90/chromedriver
INFO 20:44:20:835 wdm.WebDriverManager detectDriverVersionFromBrowser:615 Using chromedriver 114.0.5735.90 (since Google Chrome 114 is installed in your machine)
INFO 20:44:20:852 wdm.WebDriverManager exportDriver:1113 Exporting webdriver.chrome.driver as /Users/aliaksandralenski/.m2/repository/webdriver/chromedriver/mac64/114.0.5735.90/chromedriver
INFO 20:44:51:090 wdm.WebDriverManager detectDriverVersionFromBrowser:615 Using chromedriver 114.0.5735.90 (since Google Chrome 114 is installed in your machine)
INFO 20:44:51:104 wdm.WebDriverManager exportDriver:1113 Exporting webdriver.chrome.driver as /Users/aliaksandralenski/.m2/repository/webdriver/chromedriver/mac64/114.0.5735.90/chromedriver
INFO 20:45:39:015 wdm.WebDriverManager detectDriverVersionFromBrowser:615 Using chromedriver 114.0.5735.90 (since Google Chrome 114 is installed in your machine)
INFO 20:45:39:031 wdm.WebDriverManager exportDriver:1113 Exporting webdriver.chrome.driver as /Users/aliaksandralenski/.m2/repository/webdriver/chromedriver/mac64/114.0.5735.90/chromedriver
INFO 20:46:12:443 wdm.WebDriverManager detectDriverVersionFromBrowser:615 Using chromedriver 114.0.5735.90 (since Google Chrome 114 is installed in your machine)
INFO 20:46:12:460 wdm.WebDriverManager exportDriver:1113 Exporting webdriver.chrome.driver as /Users/aliaksandralenski/.m2/repository/webdriver/chromedriver/mac64/114.0.5735.90/chromedriver
INFO 14:27:55:762 wdm.WebDriverManager detectDriverVersionFromBrowser:615 Using chromedriver 114.0.5735.90 (since Google Chrome 114 is installed in your machine)
INFO 14:27:55:778 wdm.WebDriverManager exportDriver:1113 Exporting webdriver.chrome.driver as /Users/aliaksandralenski/.m2/repository/webdriver/chromedriver/mac64/114.0.5735.90/chromedriver
INFO 14:33:25:051 wdm.WebDriverManager detectDriverVersionFromBrowser:615 Using chromedriver 114.0.5735.90 (since Google Chrome 114 is installed in your machine)
INFO 14:33:25:067 wdm.WebDriverManager exportDriver:1113 Exporting webdriver.chrome.driver as /Users/aliaksandralenski/.m2/repository/webdriver/chromedriver/mac64/114.0.5735.90/chromedriver
INFO 14:34:02:633 wdm.WebDriverManager detectDriverVersionFromBrowser:615 Using chromedriver 114.0.5735.90 (since Google Chrome 114 is installed in your machine)
INFO 14:34:02:651 wdm.WebDriverManager exportDriver:1113 Exporting webdriver.chrome.driver as /Users/aliaksandralenski/.m2/repository/webdriver/chromedriver/mac64/114.0.5735.90/chromedriver
INFO 14:45:03:298 wdm.WebDriverManager detectDriverVersionFromBrowser:615 Using chromedriver 114.0.5735.90 (since Google Chrome 114 is installed in your machine)
INFO 14:45:03:313 wdm.WebDriverManager exportDriver:1113 Exporting webdriver.chrome.driver as /Users/aliaksandralenski/.m2/repository/webdriver/chromedriver/mac64/114.0.5735.90/chromedriver
INFO 14:45:29:848 wdm.WebDriverManager detectDriverVersionFromBrowser:615 Using chromedriver 114.0.5735.90 (since Google Chrome 114 is installed in your machine)
INFO 14:45:29:865 wdm.WebDriverManager exportDriver:1113 Exporting webdriver.chrome.driver as /Users/aliaksandralenski/.m2/repository/webdriver/chromedriver/mac64/114.0.5735.90/chromedriver
INFO 20:16:36:903 wdm.WebDriverManager detectDriverVersionFromBrowser:615 Using chromedriver 114.0.5735.90 (since Google Chrome 114 is installed in your machine)
INFO 20:16:36:920 wdm.WebDriverManager exportDriver:1113 Exporting webdriver.chrome.driver as /Users/aliaksandralenski/.m2/repository/webdriver/chromedriver/mac64/114.0.5735.90/chromedriver
INFO 20:17:14:543 wdm.WebDriverManager detectDriverVersionFromBrowser:615 Using chromedriver 114.0.5735.90 (since Google Chrome 114 is installed in your machine)
INFO 20:17:14:557 wdm.WebDriverManager exportDriver:1113 Exporting webdriver.chrome.driver as /Users/aliaksandralenski/.m2/repository/webdriver/chromedriver/mac64/114.0.5735.90/chromedriver
INFO 20:19:34:822 wdm.WebDriverManager detectDriverVersionFromBrowser:615 Using chromedriver 114.0.5735.90 (since Google Chrome 114 is installed in your machine)
INFO 20:19:34:835 wdm.WebDriverManager exportDriver:1113 Exporting webdriver.chrome.driver as /Users/aliaksandralenski/.m2/repository/webdriver/chromedriver/mac64/114.0.5735.90/chromedriver
INFO 20:23:55:665 wdm.WebDriverManager detectDriverVersionFromBrowser:615 Using chromedriver 114.0.5735.90 (since Google Chrome 114 is installed in your machine)
INFO 20:23:55:684 wdm.WebDriverManager exportDriver:1113 Exporting webdriver.chrome.driver as /Users/aliaksandralenski/.m2/repository/webdriver/chromedriver/mac64/114.0.5735.90/chromedriver
INFO 21:13:55:972 wdm.WebDriverManager detectDriverVersionFromBrowser:615 Using chromedriver 114.0.5735.90 (since Google Chrome 114 is installed in your machine)
INFO 21:13:55:988 wdm.WebDriverManager exportDriver:1113 Exporting webdriver.chrome.driver as /Users/aliaksandralenski/.m2/repository/webdriver/chromedriver/mac64/114.0.5735.90/chromedriver
INFO 21:14:07:497 wdm.WebDriverManager detectDriverVersionFromBrowser:615 Using chromedriver 114.0.5735.90 (since Google Chrome 114 is installed in your machine)
INFO 21:14:07:501 wdm.WebDriverManager exportDriver:1113 Exporting webdriver.chrome.driver as /Users/aliaksandralenski/.m2/repository/webdriver/chromedriver/mac64/114.0.5735.90/chromedriver
INFO 21:14:17:587 wdm.WebDriverManager detectDriverVersionFromBrowser:615 Using chromedriver 114.0.5735.90 (since Google Chrome 114 is installed in your machine)
INFO 21:14:17:590 wdm.WebDriverManager exportDriver:1113 Exporting webdriver.chrome.driver as /Users/aliaksandralenski/.m2/repository/webdriver/chromedriver/mac64/114.0.5735.90/chromedriver
INFO 21:14:27:131 wdm.WebDriverManager detectDriverVersionFromBrowser:615 Using chromedriver 114.0.5735.90 (since Google Chrome 114 is installed in your machine)
INFO 21:14:27:134 wdm.WebDriverManager exportDriver:1113 Exporting webdriver.chrome.driver as /Users/aliaksandralenski/.m2/repository/webdriver/chromedriver/mac64/114.0.5735.90/chromedriver
INFO 21:14:36:506 wdm.WebDriverManager detectDriverVersionFromBrowser:615 Using chromedriver 114.0.5735.90 (since Google Chrome 114 is installed in your machine)
INFO 21:14:36:508 wdm.WebDriverManager exportDriver:1113 Exporting webdriver.chrome.driver as /Users/aliaksandralenski/.m2/repository/webdriver/chromedriver/mac64/114.0.5735.90/chromedriver
INFO 21:14:45:851 wdm.WebDriverManager detectDriverVersionFromBrowser:615 Using chromedriver 114.0.5735.90 (since Google Chrome 114 is installed in your machine)
INFO 21:14:45:854 wdm.WebDriverManager exportDriver:1113 Exporting webdriver.chrome.driver as /Users/aliaksandralenski/.m2/repository/webdriver/chromedriver/mac64/114.0.5735.90/chromedriver
INFO 21:14:55:384 wdm.WebDriverManager detectDriverVersionFromBrowser:615 Using chromedriver 114.0.5735.90 (since Google Chrome 114 is installed in your machine)
INFO 21:14:55:386 wdm.WebDriverManager exportDriver:1113 Exporting webdriver.chrome.driver as /Users/aliaksandralenski/.m2/repository/webdriver/chromedriver/mac64/114.0.5735.90/chromedriver
INFO 21:15:04:857 wdm.WebDriverManager detectDriverVersionFromBrowser:615 Using chromedriver 114.0.5735.90 (since Google Chrome 114 is installed in your machine)
INFO 21:15:04:859 wdm.WebDriverManager exportDriver:1113 Exporting webdriver.chrome.driver as /Users/aliaksandralenski/.m2/repository/webdriver/chromedriver/mac64/114.0.5735.90/chromedriver
INFO 21:15:15:846 wdm.WebDriverManager detectDriverVersionFromBrowser:615 Using chromedriver 114.0.5735.90 (since Google Chrome 114 is installed in your machine)
INFO 21:15:15:850 wdm.WebDriverManager exportDriver:1113 Exporting webdriver.chrome.driver as /Users/aliaksandralenski/.m2/repository/webdriver/chromedriver/mac64/114.0.5735.90/chromedriver
INFO 21:17:16:369 wdm.WebDriverManager detectDriverVersionFromBrowser:615 Using chromedriver 114.0.5735.90 (since Google Chrome 114 is installed in your machine)
INFO 21:17:16:383 wdm.WebDriverManager exportDriver:1113 Exporting webdriver.chrome.driver as /Users/aliaksandralenski/.m2/repository/webdriver/chromedriver/mac64/114.0.5735.90/chromedriver
INFO 21:17:27:241 wdm.WebDriverManager detectDriverVersionFromBrowser:615 Using chromedriver 114.0.5735.90 (since Google Chrome 114 is installed in your machine)
INFO 21:17:27:243 wdm.WebDriverManager exportDriver:1113 Exporting webdriver.chrome.driver as /Users/aliaksandralenski/.m2/repository/webdriver/chromedriver/mac64/114.0.5735.90/chromedriver
INFO 21:17:36:626 wdm.WebDriverManager detectDriverVersionFromBrowser:615 Using chromedriver 114.0.5735.90 (since Google Chrome 114 is installed in your machine)
INFO 21:17:36:628 wdm.WebDriverManager exportDriver:1113 Exporting webdriver.chrome.driver as /Users/aliaksandralenski/.m2/repository/webdriver/chromedriver/mac64/114.0.5735.90/chromedriver
INFO 21:17:45:440 wdm.WebDriverManager detectDriverVersionFromBrowser:615 Using chromedriver 114.0.5735.90 (since Google Chrome 114 is installed in your machine)
INFO 21:17:45:442 wdm.WebDriverManager exportDriver:1113 Exporting webdriver.chrome.driver as /Users/aliaksandralenski/.m2/repository/webdriver/chromedriver/mac64/114.0.5735.90/chromedriver
INFO 21:17:54:906 wdm.WebDriverManager detectDriverVersionFromBrowser:615 Using chromedriver 114.0.5735.90 (since Google Chrome 114 is installed in your machine)
INFO 21:17:54:908 wdm.WebDriverManager exportDriver:1113 Exporting webdriver.chrome.driver as /Users/aliaksandralenski/.m2/repository/webdriver/chromedriver/mac64/114.0.5735.90/chromedriver
INFO 21:18:03:944 wdm.WebDriverManager detectDriverVersionFromBrowser:615 Using chromedriver 114.0.5735.90 (since Google Chrome 114 is installed in your machine)
INFO 21:18:03:947 wdm.WebDriverManager exportDriver:1113 Exporting webdriver.chrome.driver as /Users/aliaksandralenski/.m2/repository/webdriver/chromedriver/mac64/114.0.5735.90/chromedriver
INFO 21:18:13:796 wdm.WebDriverManager detectDriverVersionFromBrowser:615 Using chromedriver 114.0.5735.90 (since Google Chrome 114 is installed in your machine)
INFO 21:18:13:798 wdm.WebDriverManager exportDriver:1113 Exporting webdriver.chrome.driver as /Users/aliaksandralenski/.m2/repository/webdriver/chromedriver/mac64/114.0.5735.90/chromedriver
INFO 21:18:22:591 wdm.WebDriverManager detectDriverVersionFromBrowser:615 Using chromedriver 114.0.5735.90 (since Google Chrome 114 is installed in your machine)
INFO 21:18:22:593 wdm.WebDriverManager exportDriver:1113 Exporting webdriver.chrome.driver as /Users/aliaksandralenski/.m2/repository/webdriver/chromedriver/mac64/114.0.5735.90/chromedriver
INFO 21:18:32:894 wdm.WebDriverManager detectDriverVersionFromBrowser:615 Using chromedriver 114.0.5735.90 (since Google Chrome 114 is installed in your machine)
INFO 21:18:32:897 wdm.WebDriverManager exportDriver:1113 Exporting webdriver.chrome.driver as /Users/aliaksandralenski/.m2/repository/webdriver/chromedriver/mac64/114.0.5735.90/chromedriver
INFO 13:32:21:244 wdm.WebDriverManager detectDriverVersionFromBrowser:615 Using chromedriver 114.0.5735.90 (since Google Chrome 114 is installed in your machine)
INFO 13:32:21:260 wdm.WebDriverManager exportDriver:1113 Exporting webdriver.chrome.driver as /Users/aliaksandralenski/.m2/repository/webdriver/chromedriver/mac64/114.0.5735.90/chromedriver
INFO 13:34:51:928 wdm.WebDriverManager detectDriverVersionFromBrowser:615 Using chromedriver 114.0.5735.90 (since Google Chrome 114 is installed in your machine)
INFO 13:34:51:944 wdm.WebDriverManager exportDriver:1113 Exporting webdriver.chrome.driver as /Users/aliaksandralenski/.m2/repository/webdriver/chromedriver/mac64/114.0.5735.90/chromedriver
INFO 13:53:02:376 wdm.WebDriverManager detectDriverVersionFromBrowser:615 Using chromedriver 114.0.5735.90 (since Google Chrome 114 is installed in your machine)
INFO 13:53:02:393 wdm.WebDriverManager exportDriver:1113 Exporting webdriver.chrome.driver as /Users/aliaksandralenski/.m2/repository/webdriver/chromedriver/mac64/114.0.5735.90/chromedriver
INFO 13:53:34:509 wdm.WebDriverManager detectDriverVersionFromBrowser:615 Using chromedriver 114.0.5735.90 (since Google Chrome 114 is installed in your machine)
INFO 13:53:34:522 wdm.WebDriverManager exportDriver:1113 Exporting webdriver.chrome.driver as /Users/aliaksandralenski/.m2/repository/webdriver/chromedriver/mac64/114.0.5735.90/chromedriver
INFO 14:49:54:058 wdm.WebDriverManager detectDriverVersionFromBrowser:615 Using chromedriver 114.0.5735.90 (since Google Chrome 114 is installed in your machine)
INFO 14:49:54:077 wdm.WebDriverManager exportDriver:1113 Exporting webdriver.chrome.driver as /Users/aliaksandralenski/.m2/repository/webdriver/chromedriver/mac64/114.0.5735.90/chromedriver
INFO 14:54:58:968 wdm.WebDriverManager detectDriverVersionFromBrowser:615 Using chromedriver 114.0.5735.90 (since Google Chrome 114 is installed in your machine)
INFO 14:54:58:983 wdm.WebDriverManager exportDriver:1113 Exporting webdriver.chrome.driver as /Users/aliaksandralenski/.m2/repository/webdriver/chromedriver/mac64/114.0.5735.90/chromedriver
INFO 15:57:34:217 wdm.WebDriverManager detectDriverVersionFromBrowser:615 Using chromedriver 114.0.5735.90 (since Google Chrome 114 is installed in your machine)
INFO 15:57:34:233 wdm.WebDriverManager exportDriver:1113 Exporting webdriver.chrome.driver as /Users/aliaksandralenski/.m2/repository/webdriver/chromedriver/mac64/114.0.5735.90/chromedriver
INFO 16:49:26:620 wdm.WebDriverManager detectDriverVersionFromBrowser:615 Using chromedriver 114.0.5735.90 (since Google Chrome 114 is installed in your machine)
INFO 16:49:26:638 wdm.WebDriverManager exportDriver:1113 Exporting webdriver.chrome.driver as /Users/aliaksandralenski/.m2/repository/webdriver/chromedriver/mac64/114.0.5735.90/chromedriver
INFO 16:51:14:981 wdm.WebDriverManager detectDriverVersionFromBrowser:615 Using chromedriver 114.0.5735.90 (since Google Chrome 114 is installed in your machine)
INFO 16:51:14:999 wdm.WebDriverManager exportDriver:1113 Exporting webdriver.chrome.driver as /Users/aliaksandralenski/.m2/repository/webdriver/chromedriver/mac64/114.0.5735.90/chromedriver
INFO 16:52:08:628 wdm.WebDriverManager detectDriverVersionFromBrowser:615 Using chromedriver 114.0.5735.90 (since Google Chrome 114 is installed in your machine)
INFO 16:52:08:644 wdm.WebDriverManager exportDriver:1113 Exporting webdriver.chrome.driver as /Users/aliaksandralenski/.m2/repository/webdriver/chromedriver/mac64/114.0.5735.90/chromedriver
INFO 10:54:28:287 wdm.WebDriverManager detectDriverVersionFromBrowser:615 Using chromedriver 114.0.5735.90 (since Google Chrome 114 is installed in your machine)
INFO 10:54:28:301 wdm.WebDriverManager exportDriver:1113 Exporting webdriver.chrome.driver as /Users/aliaksandralenski/.m2/repository/webdriver/chromedriver/mac64/114.0.5735.90/chromedriver
INFO 10:55:05:013 wdm.WebDriverManager detectDriverVersionFromBrowser:615 Using chromedriver 114.0.5735.90 (since Google Chrome 114 is installed in your machine)
INFO 10:55:05:032 wdm.WebDriverManager exportDriver:1113 Exporting webdriver.chrome.driver as /Users/aliaksandralenski/.m2/repository/webdriver/chromedriver/mac64/114.0.5735.90/chromedriver
INFO 10:55:13:625 wdm.WebDriverManager detectDriverVersionFromBrowser:615 Using chromedriver 114.0.5735.90 (since Google Chrome 114 is installed in your machine)
INFO 10:55:13:627 wdm.WebDriverManager exportDriver:1113 Exporting webdriver.chrome.driver as /Users/aliaksandralenski/.m2/repository/webdriver/chromedriver/mac64/114.0.5735.90/chromedriver
INFO 10:55:25:484 wdm.WebDriverManager detectDriverVersionFromBrowser:615 Using chromedriver 114.0.5735.90 (since Google Chrome 114 is installed in your machine)
INFO 10:55:25:487 wdm.WebDriverManager exportDriver:1113 Exporting webdriver.chrome.driver as /Users/aliaksandralenski/.m2/repository/webdriver/chromedriver/mac64/114.0.5735.90/chromedriver
INFO 10:55:34:312 wdm.WebDriverManager detectDriverVersionFromBrowser:615 Using chromedriver 114.0.5735.90 (since Google Chrome 114 is installed in your machine)
INFO 10:55:34:314 wdm.WebDriverManager exportDriver:1113 Exporting webdriver.chrome.driver as /Users/aliaksandralenski/.m2/repository/webdriver/chromedriver/mac64/114.0.5735.90/chromedriver
INFO 10:55:44:446 wdm.WebDriverManager detectDriverVersionFromBrowser:615 Using chromedriver 114.0.5735.90 (since Google Chrome 114 is installed in your machine)
INFO 10:55:44:448 wdm.WebDriverManager exportDriver:1113 Exporting webdriver.chrome.driver as /Users/aliaksandralenski/.m2/repository/webdriver/chromedriver/mac64/114.0.5735.90/chromedriver
INFO 10:55:53:099 wdm.WebDriverManager detectDriverVersionFromBrowser:615 Using chromedriver 114.0.5735.90 (since Google Chrome 114 is installed in your machine)
INFO 10:55:53:102 wdm.WebDriverManager exportDriver:1113 Exporting webdriver.chrome.driver as /Users/aliaksandralenski/.m2/repository/webdriver/chromedriver/mac64/114.0.5735.90/chromedriver
INFO 10:56:02:563 wdm.WebDriverManager detectDriverVersionFromBrowser:615 Using chromedriver 114.0.5735.90 (since Google Chrome 114 is installed in your machine)
INFO 10:56:02:568 wdm.WebDriverManager exportDriver:1113 Exporting webdriver.chrome.driver as /Users/aliaksandralenski/.m2/repository/webdriver/chromedriver/mac64/114.0.5735.90/chromedriver
INFO 10:56:11:275 wdm.WebDriverManager detectDriverVersionFromBrowser:615 Using chromedriver 114.0.5735.90 (since Google Chrome 114 is installed in your machine)
INFO 10:56:11:277 wdm.WebDriverManager exportDriver:1113 Exporting webdriver.chrome.driver as /Users/aliaksandralenski/.m2/repository/webdriver/chromedriver/mac64/114.0.5735.90/chromedriver
INFO 10:56:21:324 wdm.WebDriverManager detectDriverVersionFromBrowser:615 Using chromedriver 114.0.5735.90 (since Google Chrome 114 is installed in your machine)
INFO 10:56:21:328 wdm.WebDriverManager exportDriver:1113 Exporting webdriver.chrome.driver as /Users/aliaksandralenski/.m2/repository/webdriver/chromedriver/mac64/114.0.5735.90/chromedriver
INFO 10:56:30:005 wdm.WebDriverManager detectDriverVersionFromBrowser:615 Using chromedriver 114.0.5735.90 (since Google Chrome 114 is installed in your machine)
INFO 10:56:30:007 wdm.WebDriverManager exportDriver:1113 Exporting webdriver.chrome.driver as /Users/aliaksandralenski/.m2/repository/webdriver/chromedriver/mac64/114.0.5735.90/chromedriver
INFO 10:56:38:800 wdm.WebDriverManager detectDriverVersionFromBrowser:615 Using chromedriver 114.0.5735.90 (since Google Chrome 114 is installed in your machine)
INFO 10:56:38:803 wdm.WebDriverManager exportDriver:1113 Exporting webdriver.chrome.driver as /Users/aliaksandralenski/.m2/repository/webdriver/chromedriver/mac64/114.0.5735.90/chromedriver
INFO 10:56:49:213 wdm.WebDriverManager detectDriverVersionFromBrowser:615 Using chromedriver 114.0.5735.90 (since Google Chrome 114 is installed in your machine)
INFO 10:56:49:215 wdm.WebDriverManager exportDriver:1113 Exporting webdriver.chrome.driver as /Users/aliaksandralenski/.m2/repository/webdriver/chromedriver/mac64/114.0.5735.90/chromedriver
INFO 10:58:24:579 wdm.WebDriverManager detectDriverVersionFromBrowser:615 Using chromedriver 114.0.5735.90 (since Google Chrome 114 is installed in your machine)
INFO 10:58:24:593 wdm.WebDriverManager exportDriver:1113 Exporting webdriver.chrome.driver as /Users/aliaksandralenski/.m2/repository/webdriver/chromedriver/mac64/114.0.5735.90/chromedriver
INFO 11:13:33:646 wdm.WebDriverManager detectDriverVersionFromBrowser:615 Using chromedriver 114.0.5735.90 (since Google Chrome 114 is installed in your machine)
INFO 11:13:33:660 wdm.WebDriverManager exportDriver:1113 Exporting webdriver.chrome.driver as /Users/aliaksandralenski/.m2/repository/webdriver/chromedriver/mac64/114.0.5735.90/chromedriver
INFO 11:15:58:633 wdm.WebDriverManager detectDriverVersionFromBrowser:615 Using chromedriver 114.0.5735.90 (since Google Chrome 114 is installed in your machine)
INFO 11:15:58:647 wdm.WebDriverManager exportDriver:1113 Exporting webdriver.chrome.driver as /Users/aliaksandralenski/.m2/repository/webdriver/chromedriver/mac64/114.0.5735.90/chromedriver
INFO 11:16:32:056 wdm.WebDriverManager detectDriverVersionFromBrowser:615 Using chromedriver 114.0.5735.90 (since Google Chrome 114 is installed in your machine)
INFO 11:16:32:069 wdm.WebDriverManager exportDriver:1113 Exporting webdriver.chrome.driver as /Users/aliaksandralenski/.m2/repository/webdriver/chromedriver/mac64/114.0.5735.90/chromedriver
INFO 11:24:19:147 wdm.WebDriverManager detectDriverVersionFromBrowser:615 Using chromedriver 114.0.5735.90 (since Google Chrome 114 is installed in your machine)
INFO 11:24:19:161 wdm.WebDriverManager exportDriver:1113 Exporting webdriver.chrome.driver as /Users/aliaksandralenski/.m2/repository/webdriver/chromedriver/mac64/114.0.5735.90/chromedriver
INFO 11:29:10:679 wdm.WebDriverManager detectDriverVersionFromBrowser:615 Using chromedriver 114.0.5735.90 (since Google Chrome 114 is installed in your machine)
INFO 11:29:10:695 wdm.WebDriverManager exportDriver:1113 Exporting webdriver.chrome.driver as /Users/aliaksandralenski/.m2/repository/webdriver/chromedriver/mac64/114.0.5735.90/chromedriver
INFO 11:31:49:237 wdm.WebDriverManager detectDriverVersionFromBrowser:615 Using chromedriver 114.0.5735.90 (since Google Chrome 114 is installed in your machine)
INFO 11:31:49:250 wdm.WebDriverManager exportDriver:1113 Exporting webdriver.chrome.driver as /Users/aliaksandralenski/.m2/repository/webdriver/chromedriver/mac64/114.0.5735.90/chromedriver
INFO 11:33:37:246 wdm.WebDriverManager detectDriverVersionFromBrowser:615 Using chromedriver 114.0.5735.90 (since Google Chrome 114 is installed in your machine)
INFO 11:33:37:259 wdm.WebDriverManager exportDriver:1113 Exporting webdriver.chrome.driver as /Users/aliaksandralenski/.m2/repository/webdriver/chromedriver/mac64/114.0.5735.90/chromedriver
INFO 11:34:33:163 wdm.WebDriverManager detectDriverVersionFromBrowser:615 Using chromedriver 114.0.5735.90 (since Google Chrome 114 is installed in your machine)
INFO 11:34:33:176 wdm.WebDriverManager exportDriver:1113 Exporting webdriver.chrome.driver as /Users/aliaksandralenski/.m2/repository/webdriver/chromedriver/mac64/114.0.5735.90/chromedriver
INFO 11:59:13:540 wdm.WebDriverManager detectDriverVersionFromBrowser:615 Using chromedriver 114.0.5735.90 (since Google Chrome 114 is installed in your machine)
INFO 11:59:13:552 wdm.WebDriverManager exportDriver:1113 Exporting webdriver.chrome.driver as /Users/aliaksandralenski/.m2/repository/webdriver/chromedriver/mac64/114.0.5735.90/chromedriver
INFO 12:00:04:161 wdm.WebDriverManager detectDriverVersionFromBrowser:615 Using chromedriver 114.0.5735.90 (since Google Chrome 114 is installed in your machine)
INFO 12:00:04:174 wdm.WebDriverManager exportDriver:1113 Exporting webdriver.chrome.driver as /Users/aliaksandralenski/.m2/repository/webdriver/chromedriver/mac64/114.0.5735.90/chromedriver
INFO 12:09:13:750 wdm.WebDriverManager detectDriverVersionFromBrowser:615 Using chromedriver 114.0.5735.90 (since Google Chrome 114 is installed in your machine)
INFO 12:09:13:763 wdm.WebDriverManager exportDriver:1113 Exporting webdriver.chrome.driver as /Users/aliaksandralenski/.m2/repository/webdriver/chromedriver/mac64/114.0.5735.90/chromedriver
INFO 12:10:00:814 wdm.WebDriverManager detectDriverVersionFromBrowser:615 Using chromedriver 114.0.5735.90 (since Google Chrome 114 is installed in your machine)
INFO 12:10:00:826 wdm.WebDriverManager exportDriver:1113 Exporting webdriver.chrome.driver as /Users/aliaksandralenski/.m2/repository/webdriver/chromedriver/mac64/114.0.5735.90/chromedriver
INFO 12:12:04:614 wdm.WebDriverManager detectDriverVersionFromBrowser:615 Using chromedriver 114.0.5735.90 (since Google Chrome 114 is installed in your machine)
INFO 12:12:04:628 wdm.WebDriverManager exportDriver:1113 Exporting webdriver.chrome.driver as /Users/aliaksandralenski/.m2/repository/webdriver/chromedriver/mac64/114.0.5735.90/chromedriver
INFO 12:13:50:675 wdm.WebDriverManager detectDriverVersionFromBrowser:615 Using chromedriver 114.0.5735.90 (since Google Chrome 114 is installed in your machine)
INFO 12:13:50:687 wdm.WebDriverManager exportDriver:1113 Exporting webdriver.chrome.driver as /Users/aliaksandralenski/.m2/repository/webdriver/chromedriver/mac64/114.0.5735.90/chromedriver
INFO 13:18:30:697 wdm.WebDriverManager detectDriverVersionFromBrowser:615 Using chromedriver 114.0.5735.90 (since Google Chrome 114 is installed in your machine)
INFO 13:18:30:711 wdm.WebDriverManager exportDriver:1113 Exporting webdriver.chrome.driver as /Users/aliaksandralenski/.m2/repository/webdriver/chromedriver/mac64/114.0.5735.90/chromedriver
INFO 13:20:39:252 wdm.WebDriverManager detectDriverVersionFromBrowser:615 Using chromedriver 114.0.5735.90 (since Google Chrome 114 is installed in your machine)
INFO 13:20:39:265 wdm.WebDriverManager exportDriver:1113 Exporting webdriver.chrome.driver as /Users/aliaksandralenski/.m2/repository/webdriver/chromedriver/mac64/114.0.5735.90/chromedriver
INFO 13:30:23:568 wdm.WebDriverManager detectDriverVersionFromBrowser:615 Using chromedriver 114.0.5735.90 (since Google Chrome 114 is installed in your machine)
INFO 13:30:23:581 wdm.WebDriverManager exportDriver:1113 Exporting webdriver.chrome.driver as /Users/aliaksandralenski/.m2/repository/webdriver/chromedriver/mac64/114.0.5735.90/chromedriver
INFO 13:39:55:165 wdm.WebDriverManager detectDriverVersionFromBrowser:615 Using chromedriver 114.0.5735.90 (since Google Chrome 114 is installed in your machine)
INFO 13:39:55:182 wdm.WebDriverManager exportDriver:1113 Exporting webdriver.chrome.driver as /Users/aliaksandralenski/.m2/repository/webdriver/chromedriver/mac64/114.0.5735.90/chromedriver
INFO 13:41:01:266 wdm.WebDriverManager detectDriverVersionFromBrowser:615 Using chromedriver 114.0.5735.90 (since Google Chrome 114 is installed in your machine)
INFO 13:41:01:280 wdm.WebDriverManager exportDriver:1113 Exporting webdriver.chrome.driver as /Users/aliaksandralenski/.m2/repository/webdriver/chromedriver/mac64/114.0.5735.90/chromedriver
INFO 13:42:06:421 wdm.WebDriverManager detectDriverVersionFromBrowser:615 Using chromedriver 114.0.5735.90 (since Google Chrome 114 is installed in your machine)
INFO 13:42:06:433 wdm.WebDriverManager exportDriver:1113 Exporting webdriver.chrome.driver as /Users/aliaksandralenski/.m2/repository/webdriver/chromedriver/mac64/114.0.5735.90/chromedriver
INFO 13:45:16:098 wdm.WebDriverManager detectDriverVersionFromBrowser:615 Using chromedriver 114.0.5735.90 (since Google Chrome 114 is installed in your machine)
INFO 13:45:16:110 wdm.WebDriverManager exportDriver:1113 Exporting webdriver.chrome.driver as /Users/aliaksandralenski/.m2/repository/webdriver/chromedriver/mac64/114.0.5735.90/chromedriver
INFO 13:47:06:568 wdm.WebDriverManager detectDriverVersionFromBrowser:615 Using chromedriver 114.0.5735.90 (since Google Chrome 114 is installed in your machine)
INFO 13:47:06:581 wdm.WebDriverManager exportDriver:1113 Exporting webdriver.chrome.driver as /Users/aliaksandralenski/.m2/repository/webdriver/chromedriver/mac64/114.0.5735.90/chromedriver
INFO 13:48:09:802 wdm.WebDriverManager detectDriverVersionFromBrowser:615 Using chromedriver 114.0.5735.90 (since Google Chrome 114 is installed in your machine)
INFO 13:48:09:816 wdm.WebDriverManager exportDriver:1113 Exporting webdriver.chrome.driver as /Users/aliaksandralenski/.m2/repository/webdriver/chromedriver/mac64/114.0.5735.90/chromedriver
INFO 16:00:06:249 wdm.WebDriverManager detectDriverVersionFromBrowser:615 Using chromedriver 114.0.5735.90 (since Google Chrome 114 is installed in your machine)
INFO 16:00:06:262 wdm.WebDriverManager exportDriver:1113 Exporting webdriver.chrome.driver as /Users/aliaksandralenski/.m2/repository/webdriver/chromedriver/mac64/114.0.5735.90/chromedriver
INFO 16:00:35:706 wdm.WebDriverManager detectDriverVersionFromBrowser:615 Using chromedriver 114.0.5735.90 (since Google Chrome 114 is installed in your machine)
INFO 16:00:35:719 wdm.WebDriverManager exportDriver:1113 Exporting webdriver.chrome.driver as /Users/aliaksandralenski/.m2/repository/webdriver/chromedriver/mac64/114.0.5735.90/chromedriver
INFO 16:01:20:472 wdm.WebDriverManager detectDriverVersionFromBrowser:615 Using chromedriver 114.0.5735.90 (since Google Chrome 114 is installed in your machine)
INFO 16:01:20:486 wdm.WebDriverManager exportDriver:1113 Exporting webdriver.chrome.driver as /Users/aliaksandralenski/.m2/repository/webdriver/chromedriver/mac64/114.0.5735.90/chromedriver
INFO 16:04:28:204 wdm.WebDriverManager detectDriverVersionFromBrowser:615 Using chromedriver 114.0.5735.90 (since Google Chrome 114 is installed in your machine)
INFO 16:04:28:216 wdm.WebDriverManager exportDriver:1113 Exporting webdriver.chrome.driver as /Users/aliaksandralenski/.m2/repository/webdriver/chromedriver/mac64/114.0.5735.90/chromedriver
INFO 16:05:32:590 wdm.WebDriverManager detectDriverVersionFromBrowser:615 Using chromedriver 114.0.5735.90 (since Google Chrome 114 is installed in your machine)
INFO 16:05:32:604 wdm.WebDriverManager exportDriver:1113 Exporting webdriver.chrome.driver as /Users/aliaksandralenski/.m2/repository/webdriver/chromedriver/mac64/114.0.5735.90/chromedriver
INFO 16:10:41:175 wdm.WebDriverManager detectDriverVersionFromBrowser:615 Using chromedriver 114.0.5735.90 (since Google Chrome 114 is installed in your machine)
INFO 16:10:41:188 wdm.WebDriverManager exportDriver:1113 Exporting webdriver.chrome.driver as /Users/aliaksandralenski/.m2/repository/webdriver/chromedriver/mac64/114.0.5735.90/chromedriver
INFO 16:18:41:588 wdm.WebDriverManager detectDriverVersionFromBrowser:615 Using chromedriver 114.0.5735.90 (since Google Chrome 114 is installed in your machine)
INFO 16:18:41:602 wdm.WebDriverManager exportDriver:1113 Exporting webdriver.chrome.driver as /Users/aliaksandralenski/.m2/repository/webdriver/chromedriver/mac64/114.0.5735.90/chromedriver
INFO 16:19:39:825 wdm.WebDriverManager detectDriverVersionFromBrowser:615 Using chromedriver 114.0.5735.90 (since Google Chrome 114 is installed in your machine)
INFO 16:19:39:839 wdm.WebDriverManager exportDriver:1113 Exporting webdriver.chrome.driver as /Users/aliaksandralenski/.m2/repository/webdriver/chromedriver/mac64/114.0.5735.90/chromedriver
INFO 13:18:29:688 wdm.WebDriverManager detectDriverVersionFromBrowser:615 Using chromedriver 114.0.5735.90 (since Google Chrome 114 is installed in your machine)
INFO 13:18:29:703 wdm.WebDriverManager exportDriver:1113 Exporting webdriver.chrome.driver as /Users/aliaksandralenski/.m2/repository/webdriver/chromedriver/mac64/114.0.5735.90/chromedriver
INFO 13:19:16:628 wdm.WebDriverManager detectDriverVersionFromBrowser:615 Using chromedriver 114.0.5735.90 (since Google Chrome 114 is installed in your machine)
INFO 13:19:16:641 wdm.WebDriverManager exportDriver:1113 Exporting webdriver.chrome.driver as /Users/aliaksandralenski/.m2/repository/webdriver/chromedriver/mac64/114.0.5735.90/chromedriver
INFO 13:19:35:229 wdm.WebDriverManager detectDriverVersionFromBrowser:615 Using chromedriver 114.0.5735.90 (since Google Chrome 114 is installed in your machine)
INFO 13:19:35:243 wdm.WebDriverManager exportDriver:1113 Exporting webdriver.chrome.driver as /Users/aliaksandralenski/.m2/repository/webdriver/chromedriver/mac64/114.0.5735.90/chromedriver
INFO 13:20:24:596 wdm.WebDriverManager detectDriverVersionFromBrowser:615 Using chromedriver 114.0.5735.90 (since Google Chrome 114 is installed in your machine)
INFO 13:20:24:609 wdm.WebDriverManager exportDriver:1113 Exporting webdriver.chrome.driver as /Users/aliaksandralenski/.m2/repository/webdriver/chromedriver/mac64/114.0.5735.90/chromedriver
INFO 13:22:38:063 wdm.WebDriverManager detectDriverVersionFromBrowser:615 Using chromedriver 114.0.5735.90 (since Google Chrome 114 is installed in your machine)
INFO 13:22:38:076 wdm.WebDriverManager exportDriver:1113 Exporting webdriver.chrome.driver as /Users/aliaksandralenski/.m2/repository/webdriver/chromedriver/mac64/114.0.5735.90/chromedriver
INFO 19:49:58:772 wdm.WebDriverManager detectDriverVersionFromBrowser:615 Using chromedriver 114.0.5735.90 (since Google Chrome 114 is installed in your machine)
INFO 19:49:58:788 wdm.WebDriverManager exportDriver:1113 Exporting webdriver.chrome.driver as /Users/aliaksandralenski/.m2/repository/webdriver/chromedriver/mac64/114.0.5735.90/chromedriver
